<?xml version="1.0" encoding="UTF-8"?>
<!-- Generated by org.testng.reporters.JUnitReportReporter -->
<testsuite skipped="0" hostname="DESKTOP-R8AQTSO" name="test.ValidLoginTest" tests="1" failures="0" timestamp="21 Nov 2019 07:28:05 GMT" time="26.648" errors="0">
  <testcase name="validLoginLogout" time="26.648" classname="test.ValidLoginTest"/>
</testsuite> <!-- test.ValidLoginTest -->
